
ROM used: 4320 (13%)
          6370 (19%) including unused fragments

          1 Average locations per line
          7 Average locations per statement

RAM used: 280 (14%) at main() level
          313 (15%) worst case

Stack used: 14 worst case (out of 31 total available)

Lines Stmts  %   Files
----- ----- ---  -----
   72    29   5  pc_usb.c
  422     0   0  18F4550.h
  222     0   0  pic18_usb.h
  328     0   0  usb_hw_layer.h
  146     0   0  header.h
 1063     0   0  usb.h
  808   218  36  usb.c
 1281   320  52  pic18_usb.c
  182    47   8  LCD416.c
----- -----
 4524   614 Total

Page ROM  %  RAM   Vol Diff  Functions:
---- --- --- ---   --- ----  ----------
0     40   0   1             @delay_ms1
0      2   0   0   206  2.5  bootloader
0     32   0   0             @const161
0     48   1   0             @const165
0     48   1   0             @const169
0     18   0   0             @const171
0     34   0   0             @const173
0     20   0   0             @const175
0     54   1   0             @const177
0     56   1   3   133  4.3  usb_kbhit
0     66   1   3   133  4.3  usb_tbe
0     36   0   1   134  2.5  usb_detach
0     34   0   0   136  2.2  usb_attach
0      6   0   0    16  1.0  usb_init_cs
0     34   0   1   346  4.6  usb_task
0     14   0   0    61  2.5  usb_init
0    212   2   7  1083  5.4  usb_flush_in
0    182   2   7   899  4.9  usb_flush_out
0    198   2  12   632  5.7  usb_get_packet_buffer
0     64   1   5   145  3.5  usb_get_packet
0     70   1   4   251  4.6  usb_stall_ep
0     68   1   4   258  4.6  usb_unstall_ep
0     86   1   5   360  5.8  usb_endpoint_stalled
0     22   0   1    88  2.7  usb_set_address
0    370   4  10  1722  9.8  usb_set_configured
0     76   1   3   192  3.2  usb_disable_endpoint
0     22   0   1    93  2.9  usb_disable_endpoints
0      4   0   0    39  2.0  usb_clear_trn
0    126   1   2   638  6.6  usb_isr
0      6   0   0    43  2.0  usb_isr_sof
0     42   0   0   357  4.2  usb_isr_rst
0     32   0   0   508  4.0  usb_init_ep0_setup
0      8   0   0    74  2.8  usb_isr_uerr
0     10   0   0    82  2.8  usb_isr_uidle
0     16   0   0   102  3.3  usb_isr_activity
0     14   0   0   151  3.9  usb_isr_stall
0      6   0   1    30  1.7  usb_request_send_response
0      6   0   0    22  1.2  usb_request_stall
0    336   4   5  2031  7.9  usb_isr_tok_dne
0      8   0   0    29  1.9  usb_enumerated
0     12   0   0    52  2.1  usb_wait_for_enumeration
0     36   0   3   231  4.0  usb_token_reset
0     68   1   3   267  5.9  usb_endpoint_is_valid
0     22   0   1   152  3.0  usb_isr_tok_in_dne
0      6   0   1    48  1.9  usb_isr_tok_out_dne
0     44   1   0   285  5.4  usb_isr_tok_setup_dne
0    166   2   0  1454  8.3  usb_isr_tkn_setup_StandardDevice
0    142   2   3   930  7.7  usb_isr_tkn_setup_StandardInterface
0     96   1   0   753  5.8  usb_isr_tkn_setup_StandardEndpoint
0     98   1   0   790  7.7  usb_Get_Descriptor
0     14   0   0    76  1.8  usb_finish_set_address
0    102   1   4   591  8.6  usb_copy_desc_seg_to_ep
0     20   0   0             @const367
0     32   0   1   134  2.2  lcd_send_nibble
0     50   1   3   225  3.8  lcd_send_byte
0     84   1   2   414  4.7  lcd_init
0     54   1   3   321  5.5  lcd_gotoxy
0     34   0   0             @goto11075
0     74   1   1   319  4.2  lcd_putc
0    228   3   2   767  4.3  MAIN
0     40   0   3             @DIV88
0    202   2   6             @PRINTF_D_384

Program metrics:
    Functions               50
    Statements              614
    Comments                2040
    Volume (V)              35417
    Difficilty (D)          214.4
    Effort to implement (E) 7592644
    Time to implement (T)   117 hours, 10 minutes
    Est Delivered Bugs (B)  13
    Cyclomatic Complexity   115
    Maintainability (MI)    73

 Segment     Used  Free
-----------  ----  ----
00000-007FE     2  2046  
00800-00806     4  4  
00808-008AC   166  0  
008AE-07FFE  4148  26398  



